2018-10-28T08:37:19+00:00 CRITICAL Call to undefined function zanbil_options() in /home/avintar1/public_html/zanbil3/wp-content/themes/zanbil/header.php on line 12

2018-10-28T08:37:26+00:00 CRITICAL Call to undefined function zanbil_options() in /home/avintar1/public_html/zanbil3/wp-content/themes/zanbil/header.php on line 12

2018-10-28T08:37:30+00:00 CRITICAL Call to undefined function zanbil_options() in /home/avintar1/public_html/zanbil3/wp-content/themes/zanbil/header.php on line 12

2018-10-28T08:38:03+00:00 CRITICAL Call to undefined function is_customize() in /home/avintar1/public_html/zanbil3/wp-content/themes/zanbil/lib/options/options.php on line 116

2018-10-28T08:38:22+00:00 CRITICAL Call to undefined function is_customize() in /home/avintar1/public_html/zanbil3/wp-content/themes/zanbil/lib/options/options.php on line 116

2018-10-28T08:38:31+00:00 CRITICAL Call to undefined function zanbil_options() in /home/avintar1/public_html/zanbil3/wp-content/themes/zanbil/header.php on line 12

2018-10-28T08:38:47+00:00 CRITICAL Call to undefined function zanbil_options() in /home/avintar1/public_html/zanbil3/wp-content/themes/zanbil/header.php on line 12

2018-10-28T08:39:52+00:00 CRITICAL Call to undefined function zanbil_options() in /home/avintar1/public_html/zanbil3/wp-content/themes/zanbil/header.php on line 12

2018-10-28T08:40:17+00:00 CRITICAL Call to undefined function zanbil_options() in /home/avintar1/public_html/zanbil3/wp-content/themes/zanbil/header.php on line 12

2018-10-28T08:40:21+00:00 CRITICAL Call to undefined function zanbil_options() in /home/avintar1/public_html/zanbil3/wp-content/themes/zanbil/header.php on line 12

2018-10-28T08:40:28+00:00 CRITICAL Call to undefined function zanbil_options() in /home/avintar1/public_html/zanbil3/wp-content/themes/zanbil/header.php on line 12

2018-10-28T08:41:25+00:00 CRITICAL Call to undefined function zanbil_options() in /home/avintar1/public_html/zanbil3/wp-content/themes/zanbil/header.php on line 12

2018-10-28T08:41:46+00:00 CRITICAL Call to undefined function zanbil_options() in /home/avintar1/public_html/zanbil3/wp-content/themes/zanbil/header.php on line 12

2018-10-28T08:44:15+00:00 CRITICAL Call to undefined function zanbil_options() in /home/avintar1/public_html/zanbil3/wp-content/themes/zanbil/header.php on line 12

2018-10-28T08:44:33+00:00 CRITICAL syntax error, unexpected end of file in /home/avintar1/public_html/zanbil3/wp-content/themes/zanbil/lib/licnote.php on line 1

2018-10-28T08:44:54+00:00 CRITICAL Call to undefined function zanbil_options() in /home/avintar1/public_html/zanbil3/wp-content/themes/zanbil/header.php on line 12

2018-10-28T08:45:10+00:00 CRITICAL Call to undefined function zanbil_options() in /home/avintar1/public_html/zanbil3/wp-content/themes/zanbil/header.php on line 12

2018-10-28T08:45:19+00:00 CRITICAL Call to undefined function zanbil_options() in /home/avintar1/public_html/zanbil3/wp-content/themes/zanbil/header.php on line 12

2018-10-28T08:45:45+00:00 CRITICAL Call to undefined function zanbil_options() in /home/avintar1/public_html/zanbil3/wp-content/themes/zanbil/header.php on line 12

2018-10-28T08:47:09+00:00 CRITICAL Call to undefined function zanbil_options() in /home/avintar1/public_html/zanbil3/wp-content/themes/zanbil/header.php on line 12

2018-10-28T08:47:10+00:00 CRITICAL Call to undefined function zanbil_options() in /home/avintar1/public_html/zanbil3/wp-content/themes/zanbil/header.php on line 12

2018-10-28T08:47:10+00:00 CRITICAL Call to undefined function zanbil_options() in /home/avintar1/public_html/zanbil3/wp-content/themes/zanbil/header.php on line 12

2018-10-28T08:47:10+00:00 CRITICAL Call to undefined function zanbil_options() in /home/avintar1/public_html/zanbil3/wp-content/themes/zanbil/header.php on line 12

2018-10-28T08:47:10+00:00 CRITICAL Call to undefined function zanbil_options() in /home/avintar1/public_html/zanbil3/wp-content/themes/zanbil/header.php on line 12

2018-10-28T08:47:10+00:00 CRITICAL Call to undefined function zanbil_options() in /home/avintar1/public_html/zanbil3/wp-content/themes/zanbil/header.php on line 12

2018-10-28T08:47:10+00:00 CRITICAL Call to undefined function zanbil_options() in /home/avintar1/public_html/zanbil3/wp-content/themes/zanbil/header.php on line 12

2018-10-28T08:47:10+00:00 CRITICAL Call to undefined function zanbil_options() in /home/avintar1/public_html/zanbil3/wp-content/themes/zanbil/header.php on line 12

2018-10-28T08:47:10+00:00 CRITICAL Call to undefined function zanbil_options() in /home/avintar1/public_html/zanbil3/wp-content/themes/zanbil/header.php on line 12

2018-10-28T08:47:10+00:00 CRITICAL Call to undefined function zanbil_options() in /home/avintar1/public_html/zanbil3/wp-content/themes/zanbil/header.php on line 12

2018-10-28T08:47:11+00:00 CRITICAL Call to undefined function zanbil_options() in /home/avintar1/public_html/zanbil3/wp-content/themes/zanbil/header.php on line 12

2018-10-28T08:47:11+00:00 CRITICAL Call to undefined function zanbil_options() in /home/avintar1/public_html/zanbil3/wp-content/themes/zanbil/header.php on line 12

2018-10-28T08:47:12+00:00 CRITICAL Call to undefined function zanbil_options() in /home/avintar1/public_html/zanbil3/wp-content/themes/zanbil/header.php on line 12

2018-10-28T08:47:12+00:00 CRITICAL Call to undefined function zanbil_options() in /home/avintar1/public_html/zanbil3/wp-content/themes/zanbil/header.php on line 12

2018-10-28T08:47:12+00:00 CRITICAL Call to undefined function zanbil_options() in /home/avintar1/public_html/zanbil3/wp-content/themes/zanbil/header.php on line 12

2018-10-28T08:47:12+00:00 CRITICAL Call to undefined function zanbil_options() in /home/avintar1/public_html/zanbil3/wp-content/themes/zanbil/header.php on line 12

2018-10-28T08:47:12+00:00 CRITICAL Call to undefined function zanbil_options() in /home/avintar1/public_html/zanbil3/wp-content/themes/zanbil/header.php on line 12

2018-10-28T08:47:12+00:00 CRITICAL Call to undefined function zanbil_options() in /home/avintar1/public_html/zanbil3/wp-content/themes/zanbil/header.php on line 12

2018-10-28T08:47:13+00:00 CRITICAL Call to undefined function zanbil_options() in /home/avintar1/public_html/zanbil3/wp-content/themes/zanbil/header.php on line 12

2018-10-28T08:47:13+00:00 CRITICAL Call to undefined function zanbil_options() in /home/avintar1/public_html/zanbil3/wp-content/themes/zanbil/header.php on line 12

2018-10-28T08:47:13+00:00 CRITICAL Call to undefined function zanbil_options() in /home/avintar1/public_html/zanbil3/wp-content/themes/zanbil/header.php on line 12

2018-10-28T08:47:13+00:00 CRITICAL Call to undefined function zanbil_options() in /home/avintar1/public_html/zanbil3/wp-content/themes/zanbil/header.php on line 12

2018-10-28T08:47:14+00:00 CRITICAL Call to undefined function zanbil_options() in /home/avintar1/public_html/zanbil3/wp-content/themes/zanbil/header.php on line 12

2018-10-28T08:47:14+00:00 CRITICAL Call to undefined function zanbil_options() in /home/avintar1/public_html/zanbil3/wp-content/themes/zanbil/header.php on line 12

2018-10-28T08:47:14+00:00 CRITICAL Call to undefined function zanbil_options() in /home/avintar1/public_html/zanbil3/wp-content/themes/zanbil/header.php on line 12

2018-10-28T08:47:14+00:00 CRITICAL Call to undefined function zanbil_options() in /home/avintar1/public_html/zanbil3/wp-content/themes/zanbil/header.php on line 12

2018-10-28T08:47:14+00:00 CRITICAL Call to undefined function zanbil_options() in /home/avintar1/public_html/zanbil3/wp-content/themes/zanbil/header.php on line 12

2018-10-28T08:47:15+00:00 CRITICAL Call to undefined function zanbil_options() in /home/avintar1/public_html/zanbil3/wp-content/themes/zanbil/header.php on line 12

2018-10-28T08:47:15+00:00 CRITICAL Call to undefined function zanbil_options() in /home/avintar1/public_html/zanbil3/wp-content/themes/zanbil/header.php on line 12

2018-10-28T08:47:17+00:00 CRITICAL Call to undefined function zanbil_options() in /home/avintar1/public_html/zanbil3/wp-content/themes/zanbil/header.php on line 12

2018-10-28T08:47:17+00:00 CRITICAL Call to undefined function zanbil_options() in /home/avintar1/public_html/zanbil3/wp-content/themes/zanbil/header.php on line 12

2018-10-28T08:47:17+00:00 CRITICAL Call to undefined function zanbil_options() in /home/avintar1/public_html/zanbil3/wp-content/themes/zanbil/header.php on line 12

2018-10-28T08:47:17+00:00 CRITICAL Call to undefined function zanbil_options() in /home/avintar1/public_html/zanbil3/wp-content/themes/zanbil/header.php on line 12

2018-10-28T08:47:17+00:00 CRITICAL Call to undefined function zanbil_options() in /home/avintar1/public_html/zanbil3/wp-content/themes/zanbil/header.php on line 12

2018-10-28T08:47:17+00:00 CRITICAL Call to undefined function zanbil_options() in /home/avintar1/public_html/zanbil3/wp-content/themes/zanbil/header.php on line 12

2018-10-28T08:47:18+00:00 CRITICAL Call to undefined function zanbil_options() in /home/avintar1/public_html/zanbil3/wp-content/themes/zanbil/header.php on line 12

2018-10-28T08:47:18+00:00 CRITICAL Call to undefined function zanbil_options() in /home/avintar1/public_html/zanbil3/wp-content/themes/zanbil/header.php on line 12

2018-10-28T08:47:18+00:00 CRITICAL Call to undefined function zanbil_options() in /home/avintar1/public_html/zanbil3/wp-content/themes/zanbil/header.php on line 12

2018-10-28T08:47:19+00:00 CRITICAL Call to undefined function zanbil_options() in /home/avintar1/public_html/zanbil3/wp-content/themes/zanbil/header.php on line 12

2018-10-28T08:47:19+00:00 CRITICAL Call to undefined function zanbil_options() in /home/avintar1/public_html/zanbil3/wp-content/themes/zanbil/header.php on line 12

2018-10-28T08:47:19+00:00 CRITICAL Call to undefined function zanbil_options() in /home/avintar1/public_html/zanbil3/wp-content/themes/zanbil/header.php on line 12

2018-10-28T08:47:19+00:00 CRITICAL Call to undefined function zanbil_options() in /home/avintar1/public_html/zanbil3/wp-content/themes/zanbil/header.php on line 12

2018-10-28T08:47:19+00:00 CRITICAL Call to undefined function zanbil_options() in /home/avintar1/public_html/zanbil3/wp-content/themes/zanbil/header.php on line 12

2018-10-28T08:47:20+00:00 CRITICAL Call to undefined function zanbil_options() in /home/avintar1/public_html/zanbil3/wp-content/themes/zanbil/header.php on line 12

2018-10-28T08:47:20+00:00 CRITICAL Call to undefined function zanbil_options() in /home/avintar1/public_html/zanbil3/wp-content/themes/zanbil/header.php on line 12

2018-10-28T08:47:20+00:00 CRITICAL Call to undefined function zanbil_options() in /home/avintar1/public_html/zanbil3/wp-content/themes/zanbil/header.php on line 12

2018-10-28T08:47:20+00:00 CRITICAL Call to undefined function zanbil_options() in /home/avintar1/public_html/zanbil3/wp-content/themes/zanbil/header.php on line 12

2018-10-28T08:47:20+00:00 CRITICAL Call to undefined function zanbil_options() in /home/avintar1/public_html/zanbil3/wp-content/themes/zanbil/header.php on line 12

2018-10-28T08:47:20+00:00 CRITICAL Call to undefined function zanbil_options() in /home/avintar1/public_html/zanbil3/wp-content/themes/zanbil/header.php on line 12

2018-10-28T08:47:21+00:00 CRITICAL Call to undefined function zanbil_options() in /home/avintar1/public_html/zanbil3/wp-content/themes/zanbil/header.php on line 12

2018-10-28T08:47:22+00:00 CRITICAL Call to undefined function zanbil_options() in /home/avintar1/public_html/zanbil3/wp-content/themes/zanbil/header.php on line 12

2018-10-28T08:47:22+00:00 CRITICAL Call to undefined function zanbil_options() in /home/avintar1/public_html/zanbil3/wp-content/themes/zanbil/header.php on line 12

2018-10-28T08:47:22+00:00 CRITICAL Call to undefined function zanbil_options() in /home/avintar1/public_html/zanbil3/wp-content/themes/zanbil/header.php on line 12

2018-10-28T08:47:22+00:00 CRITICAL Call to undefined function zanbil_options() in /home/avintar1/public_html/zanbil3/wp-content/themes/zanbil/header.php on line 12

2018-10-28T08:47:22+00:00 CRITICAL Call to undefined function zanbil_options() in /home/avintar1/public_html/zanbil3/wp-content/themes/zanbil/header.php on line 12

2018-10-28T08:47:22+00:00 CRITICAL Call to undefined function zanbil_options() in /home/avintar1/public_html/zanbil3/wp-content/themes/zanbil/header.php on line 12

2018-10-28T08:47:23+00:00 CRITICAL Call to undefined function zanbil_options() in /home/avintar1/public_html/zanbil3/wp-content/themes/zanbil/header.php on line 12

2018-10-28T08:47:24+00:00 CRITICAL Call to undefined function zanbil_options() in /home/avintar1/public_html/zanbil3/wp-content/themes/zanbil/header.php on line 12

2018-10-28T08:47:24+00:00 CRITICAL Call to undefined function zanbil_options() in /home/avintar1/public_html/zanbil3/wp-content/themes/zanbil/header.php on line 12

2018-10-28T08:47:24+00:00 CRITICAL Call to undefined function zanbil_options() in /home/avintar1/public_html/zanbil3/wp-content/themes/zanbil/header.php on line 12

2018-10-28T08:47:24+00:00 CRITICAL Call to undefined function zanbil_options() in /home/avintar1/public_html/zanbil3/wp-content/themes/zanbil/header.php on line 12

2018-10-28T08:47:24+00:00 CRITICAL Call to undefined function zanbil_options() in /home/avintar1/public_html/zanbil3/wp-content/themes/zanbil/header.php on line 12

2018-10-28T08:47:25+00:00 CRITICAL Call to undefined function zanbil_options() in /home/avintar1/public_html/zanbil3/wp-content/themes/zanbil/header.php on line 12

2018-10-28T08:47:25+00:00 CRITICAL Call to undefined function zanbil_options() in /home/avintar1/public_html/zanbil3/wp-content/themes/zanbil/header.php on line 12

2018-10-28T08:47:25+00:00 CRITICAL Call to undefined function zanbil_options() in /home/avintar1/public_html/zanbil3/wp-content/themes/zanbil/header.php on line 12

2018-10-28T08:47:25+00:00 CRITICAL Call to undefined function zanbil_options() in /home/avintar1/public_html/zanbil3/wp-content/themes/zanbil/header.php on line 12

2018-10-28T08:47:25+00:00 CRITICAL Call to undefined function zanbil_options() in /home/avintar1/public_html/zanbil3/wp-content/themes/zanbil/header.php on line 12

2018-10-28T08:47:25+00:00 CRITICAL Call to undefined function zanbil_options() in /home/avintar1/public_html/zanbil3/wp-content/themes/zanbil/header.php on line 12

2018-10-28T08:47:27+00:00 CRITICAL Call to undefined function zanbil_options() in /home/avintar1/public_html/zanbil3/wp-content/themes/zanbil/header.php on line 12

2018-10-28T08:47:27+00:00 CRITICAL Call to undefined function zanbil_options() in /home/avintar1/public_html/zanbil3/wp-content/themes/zanbil/header.php on line 12

2018-10-28T08:47:27+00:00 CRITICAL Call to undefined function zanbil_options() in /home/avintar1/public_html/zanbil3/wp-content/themes/zanbil/header.php on line 12

2018-10-28T08:47:27+00:00 CRITICAL Call to undefined function zanbil_options() in /home/avintar1/public_html/zanbil3/wp-content/themes/zanbil/header.php on line 12

2018-10-28T08:47:27+00:00 CRITICAL Call to undefined function zanbil_options() in /home/avintar1/public_html/zanbil3/wp-content/themes/zanbil/header.php on line 12

2018-10-28T08:47:27+00:00 CRITICAL Call to undefined function zanbil_options() in /home/avintar1/public_html/zanbil3/wp-content/themes/zanbil/header.php on line 12

2018-10-28T08:47:28+00:00 CRITICAL Call to undefined function zanbil_options() in /home/avintar1/public_html/zanbil3/wp-content/themes/zanbil/header.php on line 12

2018-10-28T08:47:29+00:00 CRITICAL Call to undefined function zanbil_options() in /home/avintar1/public_html/zanbil3/wp-content/themes/zanbil/header.php on line 12

2018-10-28T08:47:29+00:00 CRITICAL Call to undefined function zanbil_options() in /home/avintar1/public_html/zanbil3/wp-content/themes/zanbil/header.php on line 12

2018-10-28T08:47:29+00:00 CRITICAL Call to undefined function zanbil_options() in /home/avintar1/public_html/zanbil3/wp-content/themes/zanbil/header.php on line 12

2018-10-28T08:47:29+00:00 CRITICAL Call to undefined function zanbil_options() in /home/avintar1/public_html/zanbil3/wp-content/themes/zanbil/header.php on line 12

2018-10-28T08:47:29+00:00 CRITICAL Call to undefined function zanbil_options() in /home/avintar1/public_html/zanbil3/wp-content/themes/zanbil/header.php on line 12

2018-10-28T08:47:30+00:00 CRITICAL Call to undefined function zanbil_options() in /home/avintar1/public_html/zanbil3/wp-content/themes/zanbil/header.php on line 12

2018-10-28T08:47:30+00:00 CRITICAL Call to undefined function zanbil_options() in /home/avintar1/public_html/zanbil3/wp-content/themes/zanbil/header.php on line 12

2018-10-28T08:47:31+00:00 CRITICAL Call to undefined function zanbil_options() in /home/avintar1/public_html/zanbil3/wp-content/themes/zanbil/header.php on line 12

2018-10-28T08:47:31+00:00 CRITICAL Call to undefined function zanbil_options() in /home/avintar1/public_html/zanbil3/wp-content/themes/zanbil/header.php on line 12

2018-10-28T08:47:31+00:00 CRITICAL Call to undefined function zanbil_options() in /home/avintar1/public_html/zanbil3/wp-content/themes/zanbil/header.php on line 12

2018-10-28T08:47:31+00:00 CRITICAL Call to undefined function zanbil_options() in /home/avintar1/public_html/zanbil3/wp-content/themes/zanbil/header.php on line 12

2018-10-28T08:47:32+00:00 CRITICAL Call to undefined function zanbil_options() in /home/avintar1/public_html/zanbil3/wp-content/themes/zanbil/header.php on line 12

2018-10-28T08:47:32+00:00 CRITICAL Call to undefined function zanbil_options() in /home/avintar1/public_html/zanbil3/wp-content/themes/zanbil/header.php on line 12

2018-10-28T08:47:37+00:00 CRITICAL Call to undefined function zanbil_options() in /home/avintar1/public_html/zanbil3/wp-content/themes/zanbil/header.php on line 12

2018-10-28T08:47:39+00:00 CRITICAL Call to undefined function zanbil_options() in /home/avintar1/public_html/zanbil3/wp-content/themes/zanbil/header.php on line 12

2018-10-28T08:49:10+00:00 CRITICAL Call to undefined function zanbil_options() in /home/avintar1/public_html/zanbil3/wp-content/themes/zanbil/header.php on line 12

2018-10-28T08:49:25+00:00 CRITICAL Call to undefined function zanbil_options() in /home/avintar1/public_html/zanbil3/wp-content/themes/zanbil/header.php on line 12

2018-10-28T08:54:28+00:00 CRITICAL Call to undefined function zanbil_options() in /home/avintar1/public_html/zanbil3/wp-content/themes/zanbil/header.php on line 12

2018-10-28T08:57:13+00:00 CRITICAL Call to undefined function zanbil_options() in /home/avintar1/public_html/zanbil3/wp-content/themes/zanbil/header.php on line 12

2018-10-28T08:57:40+00:00 CRITICAL Call to undefined function zanbil_options() in /home/avintar1/public_html/zanbil3/wp-content/themes/zanbil/header.php on line 12

2018-10-28T08:58:39+00:00 CRITICAL Call to undefined function zanbil_options() in /home/avintar1/public_html/zanbil3/wp-content/themes/zanbil/header.php on line 12

2018-10-28T08:59:13+00:00 CRITICAL Call to undefined function zanbil_options() in /home/avintar1/public_html/zanbil3/wp-content/themes/zanbil/header.php on line 12

2018-10-28T09:00:47+00:00 CRITICAL Call to undefined function zanbil_options() in /home/avintar1/public_html/zanbil3/wp-content/themes/zanbil/header.php on line 12

2018-10-28T09:01:30+00:00 CRITICAL Call to undefined function zanbil_options() in /home/avintar1/public_html/zanbil3/wp-content/themes/zanbil/header.php on line 12

2018-10-28T09:08:57+00:00 CRITICAL Call to undefined function zanbil_options() in /home/avintar1/public_html/zanbil3/wp-content/themes/zanbil/header.php on line 12

2018-10-28T09:13:04+00:00 CRITICAL Call to undefined function zanbil_options() in /home/avintar1/public_html/zanbil3/wp-content/themes/zanbil/header.php on line 12

2018-10-28T09:15:55+00:00 CRITICAL Call to undefined function zanbil_options() in /home/avintar1/public_html/zanbil3/wp-content/themes/zanbil/header.php on line 12

2018-10-28T09:16:28+00:00 CRITICAL require_once(): Failed opening required 'custom-function.php' (include_path='.:/usr/lib/php:/usr/local/lib/php') in /home/avintar1/public_html/zanbil3/wp-content/themes/zanbil/functions.php on line 6

2018-10-28T09:19:22+00:00 CRITICAL Call to undefined function zanbil_options() in /home/avintar1/public_html/zanbil3/wp-content/themes/zanbil/header.php on line 12

2018-10-28T09:20:21+00:00 CRITICAL require_once(): Failed opening required 'avn.php' (include_path='.:/usr/lib/php:/usr/local/lib/php') in /home/avintar1/public_html/zanbil3/wp-content/themes/zanbil/functions.php on line 5

2018-10-28T09:20:34+00:00 CRITICAL Call to undefined function zanbil_options() in /home/avintar1/public_html/zanbil3/wp-content/themes/zanbil/header.php on line 12

2018-10-28T09:21:55+00:00 CRITICAL Call to undefined function zanbil_options() in /home/avintar1/public_html/zanbil3/wp-content/themes/zanbil/header.php on line 12

2018-10-28T09:21:56+00:00 CRITICAL Call to undefined function zanbil_options() in /home/avintar1/public_html/zanbil3/wp-content/themes/zanbil/header.php on line 12

2018-10-28T09:21:56+00:00 CRITICAL Call to undefined function zanbil_options() in /home/avintar1/public_html/zanbil3/wp-content/themes/zanbil/header.php on line 12

2018-10-28T09:21:57+00:00 CRITICAL Call to undefined function zanbil_options() in /home/avintar1/public_html/zanbil3/wp-content/themes/zanbil/header.php on line 12

2018-10-28T09:23:01+00:00 CRITICAL Call to undefined function zanbil_options() in /home/avintar1/public_html/zanbil3/wp-content/themes/zanbil/header.php on line 12

2018-10-28T09:34:09+00:00 CRITICAL Call to undefined function zanbil_options() in /home/avintar1/public_html/zanbil3/wp-content/themes/zanbil/header.php on line 12

2018-10-28T09:34:25+00:00 CRITICAL Call to undefined function zanbil_options() in /home/avintar1/public_html/zanbil3/wp-content/themes/zanbil/header.php on line 12

